<?xml version="1.0" encoding="UTF-8"?>
<!-- Generated by org.testng.reporters.JUnitReportReporter -->
<testsuite skipped="0" hostname="DESKTOP-JJT0LPU" name="com.testNG.Testng_annotation_features" tests="2" failures="0" timestamp="2022-08-24T10:52:44 IST" time="0.011" errors="0">
  <testcase name="Screenshot" time="0.007" classname="com.testNG.Testng_annotation_features"/>
  <system-out/>
  <testcase name="TestngFamily" time="0.004" classname="com.testNG.Testng_annotation_features"/>
  <system-out/>
</testsuite> <!-- com.testNG.Testng_annotation_features -->
