<?xml version="1.0" encoding="UTF-8"?>
<!-- Generated by org.testng.reporters.JUnitReportReporter -->
<testsuite skipped="1" hostname="DESKTOP-JJT0LPU" name="com.TestNG_.Ignore_Concepts" tests="4" failures="0" timestamp="2022-08-24T12:59:39 IST" time="0.019" errors="0">
  <testcase name="TestngFamily" time="0.005" classname="com.TestNG_.Ignore_Concepts"/>
  <system-out/>
  <testcase name="Screenshot" time="0.010" classname="com.TestNG_.Ignore_Concepts"/>
  <system-out/>
  <testcase name="openbrowser" time="0.004" classname="com.TestNG_.Ignore_Concepts"/>
  <system-out/>
  <testcase name="logouttoParent" classname="com.TestNG_.Ignore_Concepts">
    <skipped/>
  </testcase> <!-- logouttoParent -->
  <system-out/>
</testsuite> <!-- com.TestNG_.Ignore_Concepts -->
