<?xml version="1.0" encoding="UTF-8"?>
<!-- Generated by org.testng.reporters.JUnitReportReporter -->
<testsuite skipped="0" hostname="DESKTOP-JJT0LPU" name="com.TestNG_.Parameterized_Concept" tests="1" failures="0" timestamp="2022-08-25T12:38:49 IST" time="0.013" errors="0">
  <testcase name="login" time="0.013" classname="com.TestNG_.Parameterized_Concept"/>
  <system-out/>
</testsuite> <!-- com.TestNG_.Parameterized_Concept -->
