<?xml version="1.0" encoding="UTF-8"?>
<!-- Generated by org.testng.reporters.JUnitReportReporter -->
<testsuite skipped="0" hostname="DESKTOP-JJT0LPU" name="com.TestNG_.Data_Provider_Concept$Dataprov_Concept" tests="3" failures="0" timestamp="2022-08-25T13:17:10 IST" time="0.013" errors="0">
  <testcase name="login" time="0.008" classname="com.TestNG_.Data_Provider_Concept$Dataprov_Concept"/>
  <system-out/>
  <testcase name="login" time="0.002" classname="com.TestNG_.Data_Provider_Concept$Dataprov_Concept"/>
  <system-out/>
  <testcase name="login" time="0.003" classname="com.TestNG_.Data_Provider_Concept$Dataprov_Concept"/>
  <system-out/>
</testsuite> <!-- com.TestNG_.Data_Provider_Concept$Dataprov_Concept -->
