<?xml version="1.0" encoding="UTF-8"?>
<!-- Generated by org.testng.reporters.JUnitReportReporter -->
<testsuite skipped="0" hostname="DESKTOP-JJT0LPU" name="com.TestNG_.Parallel_Concept" tests="2" failures="0" timestamp="2022-08-26T10:53:57 IST" time="0.018" errors="0">
  <testcase name="Fruit" time="0.003" classname="com.TestNG_.Parallel_Concept"/>
  <system-out/>
  <testcase name="Colours" time="0.015" classname="com.TestNG_.Parallel_Concept"/>
  <system-out/>
</testsuite> <!-- com.TestNG_.Parallel_Concept -->
