<?xml version="1.0" encoding="UTF-8"?>
<!-- Generated by org.testng.reporters.JUnitReportReporter -->
<testsuite skipped="0" hostname="DESKTOP-JJT0LPU" name="com.TestNG_.Expected_Exception_Concept" tests="1" failures="0" timestamp="2022-08-25T11:53:49 IST" time="0.015" errors="0">
  <testcase name="Divide" time="0.015" classname="com.TestNG_.Expected_Exception_Concept"/>
  <system-out/>
</testsuite> <!-- com.TestNG_.Expected_Exception_Concept -->
