<?xml version="1.0" encoding="UTF-8"?>
<!-- Generated by org.testng.reporters.JUnitReportReporter -->
<testsuite skipped="0" hostname="DESKTOP-JJT0LPU" name="com.TestNG_.Timeout_Concept" tests="1" failures="0" timestamp="2022-08-25T11:37:08 IST" time="6.060" errors="0">
  <testcase name="Colours" time="6.060" classname="com.TestNG_.Timeout_Concept"/>
  <system-out/>
</testsuite> <!-- com.TestNG_.Timeout_Concept -->
