<?xml version="1.0" encoding="UTF-8"?>
<!-- Generated by org.testng.reporters.JUnitReportReporter -->
<testsuite skipped="0" hostname="DESKTOP-JJT0LPU" name="com.TestNG_.Grouping_Concept" tests="1" failures="0" timestamp="2022-08-24T13:56:41 IST" time="0.012" errors="0">
  <testcase name="Seachore1" time="0.012" classname="com.TestNG_.Grouping_Concept"/>
  <system-out/>
</testsuite> <!-- com.TestNG_.Grouping_Concept -->
